<?xml version="1.0" encoding="UTF-8"?>
<testsuite xmlns:xsi="http://www.w3.org/2001/XMLSchema-instance" xsi:noNamespaceSchemaLocation="https://maven.apache.org/surefire/maven-surefire-plugin/xsd/surefire-test-report.xsd" name="TestSuite" time="21.754" tests="3" errors="0" skipped="0" failures="1">
  <properties>
    <property name="gopherProxySet" value="false"/>
    <property name="awt.toolkit" value="sun.lwawt.macosx.LWCToolkit"/>
    <property name="file.encoding.pkg" value="sun.io"/>
    <property name="java.specification.version" value="1.8"/>
    <property name="sun.cpu.isalist" value=""/>
    <property name="sun.jnu.encoding" value="UTF-8"/>
    <property name="java.class.path" value="/Users/tanumukherjee/eclipse-workspace/hf_web_services/target/test-classes:/Users/tanumukherjee/eclipse-workspace/hf_web_services/target/classes:/Users/tanumukherjee/.m2/repository/com/googlecode/json-simple/json-simple/1.1.1/json-simple-1.1.1.jar:/Users/tanumukherjee/.m2/repository/org/testng/testng/6.10/testng-6.10.jar:/Users/tanumukherjee/.m2/repository/com/beust/jcommander/1.48/jcommander-1.48.jar:/Users/tanumukherjee/.m2/repository/com/google/code/gson/gson/2.8.0/gson-2.8.0.jar:/Users/tanumukherjee/.m2/repository/junit/junit/3.8.1/junit-3.8.1.jar:/Users/tanumukherjee/.m2/repository/org/apache/httpcomponents/httpclient/4.5.5/httpclient-4.5.5.jar:/Users/tanumukherjee/.m2/repository/org/apache/httpcomponents/httpcore/4.4.9/httpcore-4.4.9.jar:/Users/tanumukherjee/.m2/repository/commons-logging/commons-logging/1.2/commons-logging-1.2.jar:/Users/tanumukherjee/.m2/repository/commons-codec/commons-codec/1.10/commons-codec-1.10.jar:/Users/tanumukherjee/.m2/repository/org/apache/logging/log4j/log4j-api/2.10.0/log4j-api-2.10.0.jar:/Users/tanumukherjee/.m2/repository/org/apache/logging/log4j/log4j-core/2.10.0/log4j-core-2.10.0.jar:/Users/tanumukherjee/.m2/repository/org/apache/maven/surefire/surefire-testng-utils/2.20.1/surefire-testng-utils-2.20.1.jar:/Users/tanumukherjee/.m2/repository/org/apache/maven/surefire/surefire-grouper/2.20.1/surefire-grouper-2.20.1.jar:"/>
    <property name="java.vm.vendor" value="Oracle Corporation"/>
    <property name="sun.arch.data.model" value="64"/>
    <property name="java.vendor.url" value="http://java.oracle.com/"/>
    <property name="user.timezone" value=""/>
    <property name="java.vm.specification.version" value="1.8"/>
    <property name="os.name" value="Mac OS X"/>
    <property name="user.country" value="US"/>
    <property name="sun.java.launcher" value="SUN_STANDARD"/>
    <property name="sun.boot.library.path" value="/Library/Java/JavaVirtualMachines/jdk1.8.0_151.jdk/Contents/Home/jre/lib"/>
    <property name="sun.java.command" value="/Users/tanumukherjee/eclipse-workspace/hf_web_services/target/surefire/surefirebooter2716198785056520320.jar /Users/tanumukherjee/eclipse-workspace/hf_web_services/target/surefire 2018-05-18T19-37-52_418-jvmRun1 surefire4070183100948444918tmp surefire_0427196025438924265tmp"/>
    <property name="surefire.test.class.path" value="/Users/tanumukherjee/eclipse-workspace/hf_web_services/target/test-classes:/Users/tanumukherjee/eclipse-workspace/hf_web_services/target/classes:/Users/tanumukherjee/.m2/repository/com/googlecode/json-simple/json-simple/1.1.1/json-simple-1.1.1.jar:/Users/tanumukherjee/.m2/repository/org/testng/testng/6.10/testng-6.10.jar:/Users/tanumukherjee/.m2/repository/com/beust/jcommander/1.48/jcommander-1.48.jar:/Users/tanumukherjee/.m2/repository/com/google/code/gson/gson/2.8.0/gson-2.8.0.jar:/Users/tanumukherjee/.m2/repository/junit/junit/3.8.1/junit-3.8.1.jar:/Users/tanumukherjee/.m2/repository/org/apache/httpcomponents/httpclient/4.5.5/httpclient-4.5.5.jar:/Users/tanumukherjee/.m2/repository/org/apache/httpcomponents/httpcore/4.4.9/httpcore-4.4.9.jar:/Users/tanumukherjee/.m2/repository/commons-logging/commons-logging/1.2/commons-logging-1.2.jar:/Users/tanumukherjee/.m2/repository/commons-codec/commons-codec/1.10/commons-codec-1.10.jar:/Users/tanumukherjee/.m2/repository/org/apache/logging/log4j/log4j-api/2.10.0/log4j-api-2.10.0.jar:/Users/tanumukherjee/.m2/repository/org/apache/logging/log4j/log4j-core/2.10.0/log4j-core-2.10.0.jar:/Users/tanumukherjee/.m2/repository/org/apache/maven/surefire/surefire-testng-utils/2.20.1/surefire-testng-utils-2.20.1.jar:/Users/tanumukherjee/.m2/repository/org/apache/maven/surefire/surefire-grouper/2.20.1/surefire-grouper-2.20.1.jar:"/>
    <property name="sun.cpu.endian" value="little"/>
    <property name="user.home" value="/Users/tanumukherjee"/>
    <property name="user.language" value="en"/>
    <property name="java.specification.vendor" value="Oracle Corporation"/>
    <property name="java.home" value="/Library/Java/JavaVirtualMachines/jdk1.8.0_151.jdk/Contents/Home/jre"/>
    <property name="basedir" value="/Users/tanumukherjee/eclipse-workspace/hf_web_services"/>
    <property name="file.separator" value="/"/>
    <property name="line.separator" value="&#10;"/>
    <property name="java.vm.specification.vendor" value="Oracle Corporation"/>
    <property name="java.specification.name" value="Java Platform API Specification"/>
    <property name="java.awt.graphicsenv" value="sun.awt.CGraphicsEnvironment"/>
    <property name="surefire.real.class.path" value="/Users/tanumukherjee/eclipse-workspace/hf_web_services/target/surefire/surefirebooter2716198785056520320.jar"/>
    <property name="sun.boot.class.path" value="/Library/Java/JavaVirtualMachines/jdk1.8.0_151.jdk/Contents/Home/jre/lib/resources.jar:/Library/Java/JavaVirtualMachines/jdk1.8.0_151.jdk/Contents/Home/jre/lib/rt.jar:/Library/Java/JavaVirtualMachines/jdk1.8.0_151.jdk/Contents/Home/jre/lib/sunrsasign.jar:/Library/Java/JavaVirtualMachines/jdk1.8.0_151.jdk/Contents/Home/jre/lib/jsse.jar:/Library/Java/JavaVirtualMachines/jdk1.8.0_151.jdk/Contents/Home/jre/lib/jce.jar:/Library/Java/JavaVirtualMachines/jdk1.8.0_151.jdk/Contents/Home/jre/lib/charsets.jar:/Library/Java/JavaVirtualMachines/jdk1.8.0_151.jdk/Contents/Home/jre/lib/jfr.jar:/Library/Java/JavaVirtualMachines/jdk1.8.0_151.jdk/Contents/Home/jre/classes"/>
    <property name="sun.management.compiler" value="HotSpot 64-Bit Tiered Compilers"/>
    <property name="java.runtime.version" value="1.8.0_151-b12"/>
    <property name="user.name" value="tanumukherjee"/>
    <property name="path.separator" value=":"/>
    <property name="os.version" value="10.12.6"/>
    <property name="java.endorsed.dirs" value="/Library/Java/JavaVirtualMachines/jdk1.8.0_151.jdk/Contents/Home/jre/lib/endorsed"/>
    <property name="java.runtime.name" value="Java(TM) SE Runtime Environment"/>
    <property name="file.encoding" value="UTF-8"/>
    <property name="java.vm.name" value="Java HotSpot(TM) 64-Bit Server VM"/>
    <property name="localRepository" value="/Users/tanumukherjee/.m2/repository"/>
    <property name="java.vendor.url.bug" value="http://bugreport.sun.com/bugreport/"/>
    <property name="java.io.tmpdir" value="/var/folders/d2/6m6mnjpx7w711442w9k4cxs00000gn/T/"/>
    <property name="java.version" value="1.8.0_151"/>
    <property name="user.dir" value="/Users/tanumukherjee/eclipse-workspace/hf_web_services"/>
    <property name="os.arch" value="x86_64"/>
    <property name="java.vm.specification.name" value="Java Virtual Machine Specification"/>
    <property name="java.awt.printerjob" value="sun.lwawt.macosx.CPrinterJob"/>
    <property name="sun.os.patch.level" value="unknown"/>
    <property name="java.library.path" value="/Users/tanumukherjee/Library/Java/Extensions:/Library/Java/Extensions:/Network/Library/Java/Extensions:/System/Library/Java/Extensions:/usr/lib/java:."/>
    <property name="java.vm.info" value="mixed mode"/>
    <property name="java.vendor" value="Oracle Corporation"/>
    <property name="java.vm.version" value="25.151-b12"/>
    <property name="java.ext.dirs" value="/Users/tanumukherjee/Library/Java/Extensions:/Library/Java/JavaVirtualMachines/jdk1.8.0_151.jdk/Contents/Home/jre/lib/ext:/Library/Java/Extensions:/Network/Library/Java/Extensions:/System/Library/Java/Extensions:/usr/lib/java"/>
    <property name="sun.io.unicode.encoding" value="UnicodeBig"/>
    <property name="java.class.version" value="52.0"/>
  </properties>
  <testcase name="testCountries" classname="com.hellofresh.web_services.hf_web_services.GetAllCountries" time="1.592"/>
  <testcase name="testIndividualCountry" classname="com.hellofresh.web_services.hf_web_services.GetAllCountries" time="3.146"/>
  <testcase name="testNewCountryAddition" classname="com.hellofresh.web_services.hf_web_services.GetAllCountries" time="1.111">
    <failure message="Expected a com.google.gson.JsonObject but was com.google.gson.JsonPrimitive" type="com.google.gson.JsonSyntaxException">com.google.gson.JsonSyntaxException: Expected a com.google.gson.JsonObject but was com.google.gson.JsonPrimitive
	at com.hellofresh.web_services.hf_web_services.GetAllCountries.testNewCountryAddition(GetAllCountries.java:111)
</failure>
    <system-out><![CDATA[URL is HttpResponseProxy{HTTP/1.1 200 200 [Date: Fri, 18 May 2018 14:08:09 GMT, Server: Apache/2.4.25 (Debian), X-Content-Type-Options: nosniff, X-XSS-Protection: 1; mode=block, Cache-Control: no-cache, no-store, max-age=0, must-revalidate, Pragma: no-cache, Expires: 0, X-Frame-Options: DENY, Set-Cookie: JSESSIONID=CCBD218746E661C910F4A52EE94E5F42; Path=/; HttpOnly, Content-Language: en-US, Vary: Accept-Encoding, Keep-Alive: timeout=5, max=100, Content-Type: text/html;charset=UTF-8, Accept-Ranges: none, Via: HTTP/1.1 sophos.http.proxy:3128, Connection: keep-alive] org.apache.http.client.entity.DecompressingEntity@2d901eb0}
<!DOCTYPE html><html lang="en"><head><meta charset="UTF-8"><title>Java web development tutorials</title><meta charset="utf-8"><meta http-equiv="X-UA-Compatible" content="IE=edge"><meta name="viewport" content="width=device-width, initial-scale=1"><meta name="description" content=""><meta http-equiv="Content-Type" content="text/html; charset=UTF-8"/><meta name="author" content=""><meta name="description" content="Materials for for Java, JEE,J2EE developers"/><meta name="keywords" content="J2EE, JEE, Java, Java tutorials"/><script type='text/javascript' src='/js/jquery.min.js'></script><script type='text/javascript' src='/js/bootstrap.min.js'></script><script type='text/javascript' src='/js/common-app.js'></script><link rel="canonical" href=""/><link rel='next' href='/page/2/'/><link rel='stylesheet' href='/css/app.css' type='text/css' media='all'/><link rel='stylesheet' href='/css/bootstrap.min.css' type='text/css' media='all'/><link rel='stylesheet' href='/css/common-style.css' type='text/css' media='all'/><link rel="apple-touch-icon" sizes="57x57" href="/images/icons/apple-touch-icon-57x57.png"><link rel="apple-touch-icon" sizes="60x60" href="/images/icons/apple-touch-icon-60x60.png"><link rel="apple-touch-icon" sizes="72x72" href="/images/icons/apple-touch-icon-72x72.png"><link rel="apple-touch-icon" sizes="76x76" href="/images/icons/apple-touch-icon-76x76.png"><link rel="apple-touch-icon" sizes="114x114" href="/images/icons/apple-touch-icon-114x114.png"><link rel="apple-touch-icon" sizes="120x120" href="/images/icons/apple-touch-icon-120x120.png"><link rel="apple-touch-icon" sizes="144x144" href="/images/icons/apple-touch-icon-144x144.png"><link rel="apple-touch-icon" sizes="152x152" href="/images/icons/apple-touch-icon-152x152.png"><link rel="apple-touch-icon" sizes="180x180" href="/images/icons/apple-touch-icon-180x180.png"><link rel="icon" type="image/png" href="/images/icons/favicon-32x32.png" sizes="32x32"><link rel="icon" type="image/png" href="/images/icons/android-chrome-192x192.png" sizes="192x192"><link rel="icon" type="image/png" href="/images/icons/favicon-96x96.png" sizes="96x96"><link rel="icon" type="image/png" href="/images/icons/favicon-16x16.png" sizes="16x16"><link rel="manifest" href="/images/icons/manifest.json"><link rel="mask-icon" href="/images/icons/safari-pinned-tab.svg" color="#5bbad5"><link rel="shortcut icon" href="/images/icons/favicon.ico"><meta name="msapplication-TileColor" content="#da532c"><meta name="msapplication-TileImage" content="/images/icons/mstile-144x144.png"><meta name="msapplication-config" content="/images/icons/browserconfig.xml"><meta name="theme-color" content="#ffffff"></head><body><div class="container-fluid"><header role="navigation"><script type="text/javascript">var ctxPath = '';</script><script async src="//pagead2.googlesyndication.com/pagead/js/adsbygoogle.js"></script><nav class="navbar navbar-inverse navbar-fixed-top" role="navigation"><div class="container" style="width: 100%"><div class="navbar-header"><button type="button" class="navbar-toggle" data-toggle="collapse" data-target="#navbar-collapse-1"><span class="sr-only">Toggle navigation</span><span class="icon-bar"></span><span class="icon-bar"></span><span class="icon-bar"></span></button><a href="/home.htm" class="navbar-brand"><img height="37px" width="42px" src="/images/logo.png"></a><div id="smallScreenSearch" class="visible-xs-block"><form class="navbar-form navbar-right" role="search" id="cse-search-box-form-id" action="/search.htm"><div class="input-group" style="width: 300px"><input type="text" class="form-control" placeholder="" id="cse-search-input-box-id" name="q" id="search" autocomplete="off"><div class="input-group-btn"><button class="btn btn-default" type="button" onclick="return search();"><i class="glyphicon glyphicon-search"></i></button></div></div></form></div></div><div class="collapse navbar-collapse" id="navbar-collapse-1"><ul class="nav navbar-nav"><li class="menu-item "><a href="/home.htm">Home <span class="sr-only">(current)</span></a></li><li class="menu-item "><a href="/services/home.htm">Web Services</a></li></ul><ul class="nav navbar-nav navbar-right"></ul><div class="hidden-xs"><form class="navbar-form navbar-right" role="search" id="cse-search-box-form-id" action="/search.htm"><div class="input-group" style="width: 300px"><input type="text" class="form-control" placeholder="" id="cse-search-input-box-id" name="q" id="search" autocomplete="off"><div class="input-group-btn"><button class="btn btn-default" type="button" onclick="return search();"><i class="glyphicon glyphicon-search"></i></button></div></div></form></div></div></div></nav></header><div class="row"><div class="col-md-9"> 404 </div><div class="col-md-3"></div></div><hr><div class="row" align="center"><div class="col-xs-12"><footer><p>&copy; Copyright 2018</p></footer></div></div><script async src="https://www.googletagmanager.com/gtag/js?id=UA-52632020-1"></script><script>
  window.dataLayer = window.dataLayer || [];
  function gtag(){dataLayer.push(arguments)};
  gtag('js', new Date());

  gtag('config', 'UA-52632020-1');
</script><script>
 $(document).ready(function() {
	 $.ajax({
		  url: "/app/access.htm",
		  cache: false,
		  context: document.body
		});
	 });
 </script></div></body></html>
]]></system-out>
  </testcase>
</testsuite>