<?xml version="1.0" encoding="UTF-8"?>
<!-- Generated by org.testng.reporters.JUnitReportReporter -->
<testsuite name="com.hellofresh.web_services.hf_web_services.GetAllCountries" tests="2" time="5.063" ignored="0" failures="0" timestamp="17 May 2018 10:53:33 GMT" skipped="0" hostname="Tanus-MacBook-Pro.local" errors="0">
  <testcase name="testCountries" time="2.152" classname="com.hellofresh.web_services.hf_web_services.GetAllCountries"/>
  <testcase name="testIndividualCountry" time="2.911" classname="com.hellofresh.web_services.hf_web_services.GetAllCountries"/>
</testsuite> <!-- com.hellofresh.web_services.hf_web_services.GetAllCountries -->
